<?xml version="1.0" encoding="UTF-8"?>
<!-- Generated by org.testng.reporters.JUnitReportReporter -->
<testsuite ignored="0" hostname="DESKTOP-LHELV1T" failures="0" tests="4" name="RestAssured.DynamicVariable$login" time="18.511" errors="0" timestamp="25 May 2021 20:12:54 GMT" skipped="0">
  <testcase classname="RestAssured.DynamicVariable$login" name="login_API" time="8.454"/>
  <testcase classname="RestAssured.DynamicVariable$login" name="addData" time="3.306"/>
  <testcase classname="RestAssured.DynamicVariable$login" name="getData" time="4.376"/>
  <testcase classname="RestAssured.DynamicVariable$login" name="updateData" time="2.375"/>
</testsuite> <!-- RestAssured.DynamicVariable$login -->
