<?xml version="1.0" encoding="UTF-8"?>
<!-- Generated by org.testng.reporters.JUnitReportReporter -->
<testsuite hostname="DESKTOP-LHELV1T" failures="0" tests="4" name="RestAssured.login" time="11.021" errors="0" timestamp="2021-05-27T15:32:32 PDT" skipped="0">
  <testcase classname="RestAssured.login" name="login_API" time="4.055"/>
  <system-out/>
  <testcase classname="RestAssured.login" name="updateData" time="2.463"/>
  <system-out/>
  <testcase classname="RestAssured.login" name="getData_API" time="4.113"/>
  <system-out/>
  <testcase classname="RestAssured.login" name="deleteAPI" time="0.390"/>
  <system-out/>
</testsuite> <!-- RestAssured.login -->
