<?xml version="1.0" encoding="UTF-8"?>
<!-- Generated by org.testng.reporters.JUnitReportReporter -->
<testsuite hostname="DESKTOP-LHELV1T" failures="0" tests="3" name="testCases.loginCases" time="15.942" errors="0" timestamp="2021-05-31T15:53:42 PDT" skipped="0">
  <testcase classname="testCases.loginCases" name="TestCase01" time="2.876"/>
  <system-out/>
  <testcase classname="testCases.loginCases" name="TestCase02" time="3.089"/>
  <system-out/>
  <testcase classname="testCases.loginCases" name="TestCase03" time="9.977"/>
  <system-out/>
</testsuite> <!-- testCases.loginCases -->
