<?xml version="1.0" encoding="UTF-8"?>
<!-- Generated by org.testng.reporters.JUnitReportReporter -->
<testsuite ignored="0" hostname="DESKTOP-LHELV1T" failures="0" tests="4" name="RestAssured.login" time="12.318" errors="0" timestamp="19 May 2021 04:45:52 GMT" skipped="0">
  <testcase classname="RestAssured.login" name="deleteAPI" time="1.748"/>
  <testcase classname="RestAssured.login" name="login_API" time="2.852"/>
  <testcase classname="RestAssured.login" name="getData_API" time="7.326"/>
  <testcase classname="RestAssured.login" name="updateData" time="0.392"/>
</testsuite> <!-- RestAssured.login -->
