<?xml version="1.0" encoding="UTF-8"?>
<!-- Generated by org.testng.reporters.JUnitReportReporter -->
<testsuite hostname="DESKTOP-LHELV1T" failures="0" tests="4" name="testCases.userAddition" time="14.890" errors="0" timestamp="2021-05-31T15:53:42 PDT" skipped="0">
  <testcase classname="testCases.userAddition" name="testCase6" time="2.679"/>
  <system-out/>
  <testcase classname="testCases.userAddition" name="testCase7" time="0.304"/>
  <system-out/>
  <testcase classname="testCases.userAddition" name="testCase8" time="5.874"/>
  <system-out/>
  <testcase classname="testCases.userAddition" name="testCase10" time="6.033"/>
  <system-out/>
</testsuite> <!-- testCases.userAddition -->
