<?xml version="1.0" encoding="UTF-8"?>
<!-- Generated by org.testng.reporters.JUnitReportReporter -->
<testsuite hostname="DESKTOP-LHELV1T" failures="0" tests="3" name="testCases.userUpdation" time="20.034" errors="0" timestamp="2021-05-31T15:53:42 PDT" skipped="0">
  <testcase classname="testCases.userUpdation" name="testCase11" time="7.683"/>
  <system-out/>
  <testcase classname="testCases.userUpdation" name="testCase12" time="5.327"/>
  <system-out/>
  <testcase classname="testCases.userUpdation" name="testCase14" time="7.024"/>
  <system-out/>
</testsuite> <!-- testCases.userUpdation -->
